# JRE version: OpenJDK Runtime Environment (11.0.10) (build 11.0.10+0-b96-7281165)
# Java VM: OpenJDK 64-Bit Server VM (11.0.10+0-b96-7281165, mixed mode, tiered, compressed oops, g1 gc, bsd-amd64)
Heap:
 garbage-first heap   total 496640K, used 152096K [0x0000000780000000, 0x0000000800000000)
  region size 1024K, 23 young (23552K), 22 survivors (22528K)
 Metaspace       used 159670K, capacity 165097K, committed 165760K, reserved 1193984K
  class space    used 19580K, capacity 21596K, committed 21760K, reserved 1048576K
GC Heap History (20 events):
Event: 12550.790 GC heap before
{Heap before GC invocations=140 (full 0):
 garbage-first heap   total 496640K, used 419041K [0x0000000780000000, 0x0000000800000000)
  region size 1024K, 232 young (237568K), 7 survivors (7168K)
 Metaspace       used 158811K, capacity 163950K, committed 165504K, reserved 1193984K
  class space    used 19489K, capacity 21431K, committed 21760K, reserved 1048576K
}
Event: 12550.797 GC heap after
{Heap after GC invocations=141 (full 0):
 garbage-first heap   total 496640K, used 162404K [0x0000000780000000, 0x0000000800000000)
  region size 1024K, 11 young (11264K), 11 survivors (11264K)
 Metaspace       used 158811K, capacity 163950K, committed 165504K, reserved 1193984K
  class space    used 19489K, capacity 21431K, committed 21760K, reserved 1048576K
}
Event: 12550.867 GC heap before
{Heap before GC invocations=141 (full 0):
 garbage-first heap   total 496640K, used 174692K [0x0000000780000000, 0x0000000800000000)
  region size 1024K, 24 young (24576K), 11 survivors (11264K)
 Metaspace       used 158819K, capacity 163950K, committed 165504K, reserved 1193984K
  class space    used 19489K, capacity 21431K, committed 21760K, reserved 1048576K
}
Event: 12550.881 GC heap after
{Heap after GC invocations=142 (full 0):
 garbage-first heap   total 496640K, used 145882K [0x0000000780000000, 0x0000000800000000)
  region size 1024K, 3 young (3072K), 3 survivors (3072K)
 Metaspace       used 158819K, capacity 163950K, committed 165504K, reserved 1193984K
  class space    used 19489K, capacity 21431K, committed 21760K, reserved 1048576K
}
Event: 12551.740 GC heap before
{Heap before GC invocations=142 (full 0):
 garbage-first heap   total 496640K, used 167386K [0x0000000780000000, 0x0000000800000000)
  region size 1024K, 25 young (25600K), 3 survivors (3072K)
 Metaspace       used 158823K, capacity 164015K, committed 165504K, reserved 1193984K
  class space    used 19489K, capacity 21431K, committed 21760K, reserved 1048576K
}
Event: 12551.758 GC heap after
{Heap after GC invocations=143 (full 0):
 garbage-first heap   total 496640K, used 144754K [0x0000000780000000, 0x0000000800000000)
  region size 1024K, 2 young (2048K), 2 survivors (2048K)
 Metaspace       used 158823K, capacity 164015K, committed 165504K, reserved 1193984K
  class space    used 19489K, capacity 21431K, committed 21760K, reserved 1048576K
}
Event: 12744.294 GC heap before
{Heap before GC invocations=144 (full 0):
 garbage-first heap   total 496640K, used 422258K [0x0000000780000000, 0x0000000800000000)
  region size 1024K, 253 young (259072K), 2 survivors (2048K)
 Metaspace       used 158957K, capacity 164202K, committed 165760K, reserved 1193984K
  class space    used 19495K, capacity 21441K, committed 21760K, reserved 1048576K
}
Event: 12744.311 GC heap after
{Heap after GC invocations=145 (full 0):
 garbage-first heap   total 496640K, used 150414K [0x0000000780000000, 0x0000000800000000)
  region size 1024K, 7 young (7168K), 7 survivors (7168K)
 Metaspace       used 158957K, capacity 164202K, committed 165760K, reserved 1193984K
  class space    used 19495K, capacity 21441K, committed 21760K, reserved 1048576K
}
Event: 12744.411 GC heap before
{Heap before GC invocations=145 (full 0):
 garbage-first heap   total 496640K, used 166798K [0x0000000780000000, 0x0000000800000000)
  region size 1024K, 24 young (24576K), 7 survivors (7168K)
 Metaspace       used 158970K, capacity 164205K, committed 165760K, reserved 1193984K
  class space    used 19495K, capacity 21441K, committed 21760K, reserved 1048576K
}
Event: 12744.427 GC heap after
{Heap after GC invocations=146 (full 0):
 garbage-first heap   total 496640K, used 137607K [0x0000000780000000, 0x0000000800000000)
  region size 1024K, 2 young (2048K), 2 survivors (2048K)
 Metaspace       used 158970K, capacity 164205K, committed 165760K, reserved 1193984K
  class space    used 19495K, capacity 21441K, committed 21760K, reserved 1048576K
}
Event: 12744.568 GC heap before
{Heap before GC invocations=146 (full 0):
 garbage-first heap   total 496640K, used 148871K [0x0000000780000000, 0x0000000800000000)
  region size 1024K, 15 young (15360K), 2 survivors (2048K)
 Metaspace       used 158970K, capacity 164205K, committed 165760K, reserved 1193984K
  class space    used 19495K, capacity 21441K, committed 21760K, reserved 1048576K
}
Event: 12744.572 GC heap after
{Heap after GC invocations=147 (full 0):
 garbage-first heap   total 496640K, used 137188K [0x0000000780000000, 0x0000000800000000)
  region size 1024K, 1 young (1024K), 1 survivors (1024K)
 Metaspace       used 158970K, capacity 164205K, committed 165760K, reserved 1193984K
  class space    used 19495K, capacity 21441K, committed 21760K, reserved 1048576K
}
Event: 13117.429 GC heap before
{Heap before GC invocations=148 (full 0):
 garbage-first heap   total 496640K, used 443364K [0x0000000780000000, 0x0000000800000000)
  region size 1024K, 265 young (271360K), 1 survivors (1024K)
 Metaspace       used 159464K, capacity 164832K, committed 165760K, reserved 1193984K
  class space    used 19565K, capacity 21570K, committed 21760K, reserved 1048576K
}
Event: 13117.437 GC heap after
{Heap after GC invocations=149 (full 0):
 garbage-first heap   total 496640K, used 137556K [0x0000000780000000, 0x0000000800000000)
  region size 1024K, 2 young (2048K), 2 survivors (2048K)
 Metaspace       used 159464K, capacity 164832K, committed 165760K, reserved 1193984K
  class space    used 19565K, capacity 21570K, committed 21760K, reserved 1048576K
}
Event: 13117.580 GC heap before
{Heap before GC invocations=149 (full 0):
 garbage-first heap   total 496640K, used 159060K [0x0000000780000000, 0x0000000800000000)
  region size 1024K, 24 young (24576K), 2 survivors (2048K)
 Metaspace       used 159483K, capacity 164860K, committed 165760K, reserved 1193984K
  class space    used 19567K, capacity 21575K, committed 21760K, reserved 1048576K
}
Event: 13117.592 GC heap after
{Heap after GC invocations=150 (full 0):
 garbage-first heap   total 496640K, used 132681K [0x0000000780000000, 0x0000000800000000)
  region size 1024K, 3 young (3072K), 3 survivors (3072K)
 Metaspace       used 159483K, capacity 164860K, committed 165760K, reserved 1193984K
  class space    used 19567K, capacity 21575K, committed 21760K, reserved 1048576K
}
Event: 13118.876 GC heap before
{Heap before GC invocations=150 (full 0):
 garbage-first heap   total 496640K, used 192073K [0x0000000780000000, 0x0000000800000000)
  region size 1024K, 63 young (64512K), 3 survivors (3072K)
 Metaspace       used 159606K, capacity 164963K, committed 165760K, reserved 1193984K
  class space    used 19579K, capacity 21596K, committed 21760K, reserved 1048576K
}
Event: 13118.895 GC heap after
{Heap after GC invocations=151 (full 0):
 garbage-first heap   total 496640K, used 136625K [0x0000000780000000, 0x0000000800000000)
  region size 1024K, 7 young (7168K), 7 survivors (7168K)
 Metaspace       used 159606K, capacity 164963K, committed 165760K, reserved 1193984K
  class space    used 19579K, capacity 21596K, committed 21760K, reserved 1048576K
}
Event: 14995.775 GC heap before
{Heap before GC invocations=152 (full 0):
 garbage-first heap   total 496640K, used 332209K [0x0000000780000000, 0x0000000800000000)
  region size 1024K, 179 young (183296K), 7 survivors (7168K)
 Metaspace       used 159670K, capacity 165097K, committed 165760K, reserved 1193984K
  class space    used 19580K, capacity 21596K, committed 21760K, reserved 1048576K
}
Event: 14995.867 GC heap after
{Heap after GC invocations=153 (full 0):
 garbage-first heap   total 496640K, used 152096K [0x0000000780000000, 0x0000000800000000)
  region size 1024K, 22 young (22528K), 22 survivors (22528K)
 Metaspace       used 159670K, capacity 165097K, committed 165760K, reserved 1193984K
  class space    used 19580K, capacity 21596K, committed 21760K, reserved 1048576K
}

